::1 - - [03/May/2026 10:27:18] "GET / HTTP/1.1" 200 -
::1 - - [03/May/2026 10:29:22] "GET / HTTP/1.1" 200 -
::1 - - [03/May/2026 10:29:31] "GET / HTTP/1.1" 200 -
::1 - - [03/May/2026 10:30:08] "GET / HTTP/1.1" 200 -
::1 - - [03/May/2026 10:30:08] "GET /spinner.css HTTP/1.1" 200 -
::1 - - [03/May/2026 10:30:08] "GET /dashboard.css HTTP/1.1" 200 -
::1 - - [03/May/2026 10:30:08] "GET /Point.js HTTP/1.1" 200 -
::1 - - [03/May/2026 10:30:08] "GET /script.js HTTP/1.1" 200 -
::1 - - [03/May/2026 10:30:08] "GET /dashboard.js HTTP/1.1" 200 -
::1 - - [03/May/2026 10:30:08] "GET /phase2.js HTTP/1.1" 200 -
::1 - - [03/May/2026 10:30:08] "GET /wadi_saqra_data.js HTTP/1.1" 200 -
::1 - - [03/May/2026 10:30:08] "GET /testdata/sense02_tracklab_vehicle.json?_=1777793408805 HTTP/1.1" 200 -
::1 - - [03/May/2026 10:30:08] "GET /sandbox_data/cctv_stream_config.json?_=1777793408805 HTTP/1.1" 200 -
::1 - - [03/May/2026 10:30:08] code 404, message File not found
::1 - - [03/May/2026 10:30:08] "GET /testdata/sense01_tracklab_vehicle.json?_=1777793408805 HTTP/1.1" 404 -
::1 - - [03/May/2026 10:30:08] code 404, message File not found
::1 - - [03/May/2026 10:30:08] "GET /testdata/sense01_tracklab_vehicle.json?_=1777793408805 HTTP/1.1" 404 -
::1 - - [03/May/2026 10:30:09] "GET /sandbox_data/typical_2026-04-26.ndjson HTTP/1.1" 200 -
::1 - - [03/May/2026 10:30:09] "GET /sandbox_data/annotations/sense01_tracklab_vehicle.json?_=1777793409592 HTTP/1.1" 200 -
::1 - - [03/May/2026 10:30:09] "GET /sandbox_data/detector_counts_15min.csv?_=1777793409592 HTTP/1.1" 200 -
::1 - - [03/May/2026 10:30:09] "GET /sandbox_data/intersection_metadata.json?_=1777793409592 HTTP/1.1" 200 -
::1 - - [03/May/2026 10:30:09] "GET /sandbox_data/ground_truth_validation.json?_=1777793409592 HTTP/1.1" 200 -
::1 - - [03/May/2026 10:30:09] "GET /sandbox_data/signal_timing_log.csv?_=1777793409592 HTTP/1.1" 200 -
::1 - - [03/May/2026 10:30:09] "GET /sandbox_data/typical_wadi_saqra.ndjson?_=1777793409602 HTTP/1.1" 200 -
::1 - - [03/May/2026 10:30:09] "GET /sandbox_data/intersection_metadata.json HTTP/1.1" 200 -
::1 - - [03/May/2026 10:30:09] "GET /sandbox_data/forecast_lgbm.json?_=1777793409770 HTTP/1.1" 200 -
::1 - - [03/May/2026 10:30:09] "GET /sandbox_data/ground_truth_validation.json HTTP/1.1" 200 -
::1 - - [03/May/2026 10:30:09] code 404, message File not found
::1 - - [03/May/2026 10:30:09] "GET /favicon.ico HTTP/1.1" 404 -
::1 - - [03/May/2026 10:30:13] "GET /sandbox_data/detector_counts_15min.csv HTTP/1.1" 200 -
::1 - - [03/May/2026 10:30:13] "GET /sandbox_data/signal_timing_log.csv HTTP/1.1" 200 -
::1 - - [03/May/2026 10:30:19] "GET /sandbox_data/signal_timing_log.csv?_=1777793419634 HTTP/1.1" 200 -
::1 - - [03/May/2026 10:30:19] "GET /sandbox_data/detector_counts_15min.csv?_=1777793419634 HTTP/1.1" 200 -
::1 - - [03/May/2026 10:30:19] "GET /sandbox_data/cctv_stream_config.json?_=1777793419679 HTTP/1.1" 200 -
::1 - - [03/May/2026 10:30:19] "GET /sandbox_data/ground_truth_validation.json?_=1777793419680 HTTP/1.1" 200 -
::1 - - [03/May/2026 10:30:19] "GET /sandbox_data/intersection_metadata.json?_=1777793419699 HTTP/1.1" 200 -
::1 - - [03/May/2026 10:30:19] "GET /sandbox_data/cctv_stream_config.json?_=1777793419699 HTTP/1.1" 200 -
::1 - - [03/May/2026 10:30:19] "GET /sandbox_data/methodology_note.md?_=1777793419713 HTTP/1.1" 200 -
::1 - - [03/May/2026 10:30:39] "GET /sandbox_data/detector_counts_15min.csv?_=1777793439985 HTTP/1.1" 200 -
::1 - - [03/May/2026 10:30:39] "GET /sandbox_data/intersection_metadata.json?_=1777793439985 HTTP/1.1" 200 -
::1 - - [03/May/2026 10:30:39] "GET /sandbox_data/signal_timing_log.csv?_=1777793439985 HTTP/1.1" 200 -
::1 - - [03/May/2026 10:30:39] "GET /sandbox_data/ground_truth_validation.json?_=1777793439985 HTTP/1.1" 200 -
::1 - - [03/May/2026 10:31:09] "GET /sandbox_data/signal_timing_log.csv?_=1777793469593 HTTP/1.1" 200 -
::1 - - [03/May/2026 10:31:09] "GET /sandbox_data/detector_counts_15min.csv?_=1777793469593 HTTP/1.1" 200 -
::1 - - [03/May/2026 10:31:09] "GET /sandbox_data/intersection_metadata.json?_=1777793469593 HTTP/1.1" 200 -
::1 - - [03/May/2026 10:31:09] "GET /sandbox_data/ground_truth_validation.json?_=1777793469593 HTTP/1.1" 200 -
::1 - - [03/May/2026 10:31:39] "GET /sandbox_data/detector_counts_15min.csv?_=1777793499593 HTTP/1.1" 200 -
::1 - - [03/May/2026 10:31:39] "GET /sandbox_data/signal_timing_log.csv?_=1777793499593 HTTP/1.1" 200 -
::1 - - [03/May/2026 10:31:39] "GET /sandbox_data/intersection_metadata.json?_=1777793499593 HTTP/1.1" 200 -
::1 - - [03/May/2026 10:31:39] "GET /sandbox_data/ground_truth_validation.json?_=1777793499593 HTTP/1.1" 200 -
::1 - - [03/May/2026 10:32:09] "GET /sandbox_data/detector_counts_15min.csv?_=1777793529593 HTTP/1.1" 200 -
::1 - - [03/May/2026 10:32:09] "GET /sandbox_data/signal_timing_log.csv?_=1777793529593 HTTP/1.1" 200 -
::1 - - [03/May/2026 10:32:09] "GET /sandbox_data/intersection_metadata.json?_=1777793529593 HTTP/1.1" 200 -
::1 - - [03/May/2026 10:32:09] "GET /sandbox_data/ground_truth_validation.json?_=1777793529593 HTTP/1.1" 200 -
::1 - - [03/May/2026 10:32:39] "GET /sandbox_data/detector_counts_15min.csv?_=1777793559592 HTTP/1.1" 200 -
::1 - - [03/May/2026 10:32:39] "GET /sandbox_data/signal_timing_log.csv?_=1777793559593 HTTP/1.1" 200 -
::1 - - [03/May/2026 10:32:39] "GET /sandbox_data/intersection_metadata.json?_=1777793559593 HTTP/1.1" 200 -
::1 - - [03/May/2026 10:32:39] "GET /sandbox_data/ground_truth_validation.json?_=1777793559593 HTTP/1.1" 200 -
::1 - - [03/May/2026 10:33:09] "GET /sandbox_data/detector_counts_15min.csv?_=1777793589593 HTTP/1.1" 200 -
::1 - - [03/May/2026 10:33:09] "GET /sandbox_data/signal_timing_log.csv?_=1777793589593 HTTP/1.1" 200 -
::1 - - [03/May/2026 10:33:09] "GET /sandbox_data/intersection_metadata.json?_=1777793589593 HTTP/1.1" 200 -
::1 - - [03/May/2026 10:33:09] "GET /sandbox_data/ground_truth_validation.json?_=1777793589593 HTTP/1.1" 200 -
::1 - - [03/May/2026 10:33:39] "GET /sandbox_data/detector_counts_15min.csv?_=1777793619592 HTTP/1.1" 200 -
::1 - - [03/May/2026 10:33:39] "GET /sandbox_data/signal_timing_log.csv?_=1777793619592 HTTP/1.1" 200 -
::1 - - [03/May/2026 10:33:39] "GET /sandbox_data/intersection_metadata.json?_=1777793619592 HTTP/1.1" 200 -
::1 - - [03/May/2026 10:33:39] "GET /sandbox_data/ground_truth_validation.json?_=1777793619592 HTTP/1.1" 200 -
::1 - - [03/May/2026 10:34:09] "GET /sandbox_data/detector_counts_15min.csv?_=1777793649592 HTTP/1.1" 200 -
::1 - - [03/May/2026 10:34:09] "GET /sandbox_data/signal_timing_log.csv?_=1777793649593 HTTP/1.1" 200 -
::1 - - [03/May/2026 10:34:09] "GET /sandbox_data/ground_truth_validation.json?_=1777793649593 HTTP/1.1" 200 -
::1 - - [03/May/2026 10:34:09] "GET /sandbox_data/intersection_metadata.json?_=1777793649593 HTTP/1.1" 200 -
::1 - - [03/May/2026 10:34:39] "GET /testdata/sense02_tracklab_vehicle.json?_=1777793679367 HTTP/1.1" 200 -
::1 - - [03/May/2026 10:34:39] code 404, message File not found
::1 - - [03/May/2026 10:34:39] "GET /testdata/sense01_tracklab_vehicle.json?_=1777793679367 HTTP/1.1" 404 -
::1 - - [03/May/2026 10:34:39] "GET /sandbox_data/cctv_stream_config.json?_=1777793679367 HTTP/1.1" 200 -
::1 - - [03/May/2026 10:34:39] "GET /sandbox_data/annotations/sense01_tracklab_vehicle.json?_=1777793679468 HTTP/1.1" 200 -
::1 - - [03/May/2026 10:34:39] "GET /sandbox_data/detector_counts_15min.csv?_=1777793679469 HTTP/1.1" 200 -
::1 - - [03/May/2026 10:34:39] "GET /sandbox_data/signal_timing_log.csv?_=1777793679469 HTTP/1.1" 200 -
::1 - - [03/May/2026 10:34:39] "GET /sandbox_data/intersection_metadata.json?_=1777793679469 HTTP/1.1" 200 -
::1 - - [03/May/2026 10:34:39] "GET /sandbox_data/typical_wadi_saqra.ndjson?_=1777793679479 HTTP/1.1" 200 -
::1 - - [03/May/2026 10:34:39] "GET /sandbox_data/ground_truth_validation.json?_=1777793679469 HTTP/1.1" 200 -
::1 - - [03/May/2026 10:34:39] "GET /sandbox_data/forecast_lgbm.json?_=1777793679577 HTTP/1.1" 200 -
::1 - - [03/May/2026 10:34:43] "GET /testdata/roadnet.json HTTP/1.1" 200 -
::1 - - [03/May/2026 10:34:43] "GET /testdata/replay.txt HTTP/1.1" 200 -
::1 - - [03/May/2026 10:35:09] "GET /sandbox_data/detector_counts_15min.csv?_=1777793709472 HTTP/1.1" 200 -
::1 - - [03/May/2026 10:35:09] "GET /sandbox_data/signal_timing_log.csv?_=1777793709472 HTTP/1.1" 200 -
::1 - - [03/May/2026 10:35:09] "GET /sandbox_data/intersection_metadata.json?_=1777793709472 HTTP/1.1" 200 -
::1 - - [03/May/2026 10:35:09] "GET /sandbox_data/ground_truth_validation.json?_=1777793709472 HTTP/1.1" 200 -
::1 - - [03/May/2026 10:35:39] "GET /sandbox_data/signal_timing_log.csv?_=1777793739474 HTTP/1.1" 200 -
::1 - - [03/May/2026 10:35:39] "GET /sandbox_data/detector_counts_15min.csv?_=1777793739474 HTTP/1.1" 200 -
::1 - - [03/May/2026 10:35:39] "GET /sandbox_data/intersection_metadata.json?_=1777793739474 HTTP/1.1" 200 -
::1 - - [03/May/2026 10:35:39] "GET /sandbox_data/ground_truth_validation.json?_=1777793739474 HTTP/1.1" 200 -
::1 - - [03/May/2026 10:36:09] "GET /sandbox_data/detector_counts_15min.csv?_=1777793769474 HTTP/1.1" 200 -
::1 - - [03/May/2026 10:36:09] "GET /sandbox_data/signal_timing_log.csv?_=1777793769474 HTTP/1.1" 200 -
::1 - - [03/May/2026 10:36:09] "GET /sandbox_data/intersection_metadata.json?_=1777793769475 HTTP/1.1" 200 -
::1 - - [03/May/2026 10:36:09] "GET /sandbox_data/ground_truth_validation.json?_=1777793769475 HTTP/1.1" 200 -
::1 - - [03/May/2026 10:36:39] "GET /sandbox_data/detector_counts_15min.csv?_=1777793799473 HTTP/1.1" 200 -
::1 - - [03/May/2026 10:36:39] "GET /sandbox_data/signal_timing_log.csv?_=1777793799473 HTTP/1.1" 200 -
::1 - - [03/May/2026 10:36:39] "GET /sandbox_data/intersection_metadata.json?_=1777793799473 HTTP/1.1" 200 -
::1 - - [03/May/2026 10:36:39] "GET /sandbox_data/ground_truth_validation.json?_=1777793799473 HTTP/1.1" 200 -
::1 - - [03/May/2026 10:37:09] "GET /sandbox_data/detector_counts_15min.csv?_=1777793829471 HTTP/1.1" 200 -
::1 - - [03/May/2026 10:37:09] "GET /sandbox_data/signal_timing_log.csv?_=1777793829471 HTTP/1.1" 200 -
::1 - - [03/May/2026 10:37:09] "GET /sandbox_data/intersection_metadata.json?_=1777793829471 HTTP/1.1" 200 -
::1 - - [03/May/2026 10:37:09] "GET /sandbox_data/ground_truth_validation.json?_=1777793829471 HTTP/1.1" 200 -
::1 - - [03/May/2026 10:37:39] "GET /sandbox_data/detector_counts_15min.csv?_=1777793859471 HTTP/1.1" 200 -
::1 - - [03/May/2026 10:37:39] "GET /sandbox_data/signal_timing_log.csv?_=1777793859471 HTTP/1.1" 200 -
::1 - - [03/May/2026 10:37:39] "GET /sandbox_data/intersection_metadata.json?_=1777793859472 HTTP/1.1" 200 -
::1 - - [03/May/2026 10:37:39] "GET /sandbox_data/ground_truth_validation.json?_=1777793859472 HTTP/1.1" 200 -
::1 - - [03/May/2026 10:38:09] "GET /sandbox_data/signal_timing_log.csv?_=1777793889471 HTTP/1.1" 200 -
::1 - - [03/May/2026 10:38:09] "GET /sandbox_data/detector_counts_15min.csv?_=1777793889470 HTTP/1.1" 200 -
::1 - - [03/May/2026 10:38:09] "GET /sandbox_data/ground_truth_validation.json?_=1777793889471 HTTP/1.1" 200 -
::1 - - [03/May/2026 10:38:09] "GET /sandbox_data/intersection_metadata.json?_=1777793889471 HTTP/1.1" 200 -
::1 - - [03/May/2026 10:38:39] "GET /sandbox_data/detector_counts_15min.csv?_=1777793919118 HTTP/1.1" 200 -
::1 - - [03/May/2026 10:38:39] "GET /sandbox_data/signal_timing_log.csv?_=1777793919119 HTTP/1.1" 200 -
::1 - - [03/May/2026 10:38:39] "GET /sandbox_data/cctv_stream_config.json?_=1777793919156 HTTP/1.1" 200 -
::1 - - [03/May/2026 10:38:39] "GET /sandbox_data/ground_truth_validation.json?_=1777793919156 HTTP/1.1" 200 -
::1 - - [03/May/2026 10:38:39] "GET /sandbox_data/cctv_stream_config.json?_=1777793919170 HTTP/1.1" 200 -
::1 - - [03/May/2026 10:38:39] "GET /sandbox_data/intersection_metadata.json?_=1777793919170 HTTP/1.1" 200 -
::1 - - [03/May/2026 10:38:39] "GET /sandbox_data/methodology_note.md?_=1777793919185 HTTP/1.1" 200 -
::1 - - [03/May/2026 10:38:39] "GET /sandbox_data/detector_counts_15min.csv?_=1777793919470 HTTP/1.1" 200 -
::1 - - [03/May/2026 10:38:39] "GET /sandbox_data/signal_timing_log.csv?_=1777793919471 HTTP/1.1" 200 -
::1 - - [03/May/2026 10:38:39] "GET /sandbox_data/intersection_metadata.json?_=1777793919471 HTTP/1.1" 200 -
::1 - - [03/May/2026 10:38:39] "GET /sandbox_data/ground_truth_validation.json?_=1777793919471 HTTP/1.1" 200 -
::1 - - [03/May/2026 10:39:09] "GET /sandbox_data/detector_counts_15min.csv?_=1777793949474 HTTP/1.1" 200 -
::1 - - [03/May/2026 10:39:09] "GET /sandbox_data/ground_truth_validation.json?_=1777793949474 HTTP/1.1" 200 -
::1 - - [03/May/2026 10:39:09] "GET /sandbox_data/signal_timing_log.csv?_=1777793949474 HTTP/1.1" 200 -
::1 - - [03/May/2026 10:39:09] "GET /sandbox_data/intersection_metadata.json?_=1777793949474 HTTP/1.1" 200 -
::1 - - [03/May/2026 10:39:46] "GET /sandbox_data/detector_counts_15min.csv?_=1777793980191 HTTP/1.1" 200 -
::1 - - [03/May/2026 10:39:46] "GET /sandbox_data/signal_timing_log.csv?_=1777793980191 HTTP/1.1" 200 -
::1 - - [03/May/2026 10:39:46] "GET /sandbox_data/intersection_metadata.json?_=1777793980191 HTTP/1.1" 200 -
::1 - - [03/May/2026 10:39:46] "GET /sandbox_data/ground_truth_validation.json?_=1777793980191 HTTP/1.1" 200 -
::1 - - [03/May/2026 10:40:25] "GET /sandbox_data/detector_counts_15min.csv?_=1777794025546 HTTP/1.1" 200 -
::1 - - [03/May/2026 10:40:25] "GET /sandbox_data/signal_timing_log.csv?_=1777794025547 HTTP/1.1" 200 -
::1 - - [03/May/2026 10:40:25] "GET /sandbox_data/intersection_metadata.json?_=1777794025547 HTTP/1.1" 200 -
::1 - - [03/May/2026 10:40:25] "GET /sandbox_data/ground_truth_validation.json?_=1777794025547 HTTP/1.1" 200 -
::1 - - [03/May/2026 10:40:39] "GET /sandbox_data/signal_timing_log.csv?_=1777794039502 HTTP/1.1" 200 -
::1 - - [03/May/2026 10:40:39] "GET /sandbox_data/intersection_metadata.json?_=1777794039502 HTTP/1.1" 200 -
::1 - - [03/May/2026 10:40:39] "GET /sandbox_data/detector_counts_15min.csv?_=1777794039502 HTTP/1.1" 200 -
::1 - - [03/May/2026 10:40:39] "GET /sandbox_data/ground_truth_validation.json?_=1777794039502 HTTP/1.1" 200 -
::1 - - [03/May/2026 10:51:26] "GET /sandbox_data/signal_timing_log.csv?_=1777794686606 HTTP/1.1" 200 -
::1 - - [03/May/2026 10:51:26] "GET /sandbox_data/detector_counts_15min.csv?_=1777794686606 HTTP/1.1" 200 -
::1 - - [03/May/2026 10:51:26] "GET /sandbox_data/ground_truth_validation.json?_=1777794686606 HTTP/1.1" 200 -
::1 - - [03/May/2026 10:51:26] "GET /sandbox_data/intersection_metadata.json?_=1777794686606 HTTP/1.1" 200 -
::1 - - [03/May/2026 11:54:07] "GET /sandbox_data/detector_counts_15min.csv?_=1777798447375 HTTP/1.1" 200 -
::1 - - [03/May/2026 11:54:07] "GET /sandbox_data/signal_timing_log.csv?_=1777798447376 HTTP/1.1" 200 -
::1 - - [03/May/2026 11:54:07] "GET /sandbox_data/intersection_metadata.json?_=1777798447376 HTTP/1.1" 200 -
::1 - - [03/May/2026 11:54:07] "GET /sandbox_data/ground_truth_validation.json?_=1777798447376 HTTP/1.1" 200 -
::1 - - [03/May/2026 11:54:10] "GET /sandbox_data/intersection_metadata.json?_=1777798450664 HTTP/1.1" 200 -
::1 - - [03/May/2026 11:54:10] "GET /sandbox_data/detector_counts_15min.csv?_=1777798450664 HTTP/1.1" 200 -
::1 - - [03/May/2026 11:54:10] "GET /sandbox_data/signal_timing_log.csv?_=1777798450664 HTTP/1.1" 200 -
::1 - - [03/May/2026 11:54:10] "GET /sandbox_data/ground_truth_validation.json?_=1777798450664 HTTP/1.1" 200 -
::1 - - [03/May/2026 11:59:54] "GET /sandbox_data/detector_counts_15min.csv?_=1777798794082 HTTP/1.1" 200 -
::1 - - [03/May/2026 11:59:54] "GET /sandbox_data/signal_timing_log.csv?_=1777798794082 HTTP/1.1" 200 -
::1 - - [03/May/2026 11:59:54] "GET /sandbox_data/ground_truth_validation.json?_=1777798794082 HTTP/1.1" 200 -
::1 - - [03/May/2026 11:59:54] "GET /sandbox_data/intersection_metadata.json?_=1777798794082 HTTP/1.1" 200 -
::1 - - [03/May/2026 11:59:54] code 404, message File not found
::1 - - [03/May/2026 11:59:54] "GET /testdata/sense01_tracklab_vehicle.json?_=1777798794915 HTTP/1.1" 404 -
::1 - - [03/May/2026 11:59:54] "GET /testdata/sense02_tracklab_vehicle.json?_=1777798794916 HTTP/1.1" 200 -
::1 - - [03/May/2026 11:59:54] code 404, message File not found
::1 - - [03/May/2026 11:59:54] "GET /testdata/sense01_tracklab_vehicle.json?_=1777798794916 HTTP/1.1" 404 -
::1 - - [03/May/2026 11:59:54] "GET /sandbox_data/cctv_stream_config.json?_=1777798794916 HTTP/1.1" 200 -
::1 - - [03/May/2026 11:59:55] "GET /sandbox_data/annotations/sense01_tracklab_vehicle.json?_=1777798794992 HTTP/1.1" 200 -
::1 - - [03/May/2026 11:59:55] "GET /sandbox_data/signal_timing_log.csv?_=1777798794993 HTTP/1.1" 200 -
::1 - - [03/May/2026 11:59:55] "GET /sandbox_data/detector_counts_15min.csv?_=1777798794993 HTTP/1.1" 200 -
::1 - - [03/May/2026 11:59:55] "GET /sandbox_data/intersection_metadata.json?_=1777798794993 HTTP/1.1" 200 -
::1 - - [03/May/2026 11:59:55] "GET /sandbox_data/ground_truth_validation.json?_=1777798794993 HTTP/1.1" 200 -
::1 - - [03/May/2026 11:59:55] "GET /sandbox_data/typical_wadi_saqra.ndjson?_=1777798795005 HTTP/1.1" 200 -
::1 - - [03/May/2026 11:59:55] "GET /sandbox_data/forecast_lgbm.json?_=1777798795182 HTTP/1.1" 200 -
::1 - - [03/May/2026 12:00:25] "GET /sandbox_data/detector_counts_15min.csv?_=1777798825045 HTTP/1.1" 200 -
::1 - - [03/May/2026 12:00:25] "GET /sandbox_data/signal_timing_log.csv?_=1777798825045 HTTP/1.1" 200 -
::1 - - [03/May/2026 12:00:25] "GET /sandbox_data/intersection_metadata.json?_=1777798825045 HTTP/1.1" 200 -
::1 - - [03/May/2026 12:00:25] "GET /sandbox_data/ground_truth_validation.json?_=1777798825045 HTTP/1.1" 200 -
::1 - - [03/May/2026 12:00:55] "GET /sandbox_data/detector_counts_15min.csv?_=1777798855057 HTTP/1.1" 200 -
::1 - - [03/May/2026 12:00:55] "GET /sandbox_data/signal_timing_log.csv?_=1777798855057 HTTP/1.1" 200 -
::1 - - [03/May/2026 12:00:55] "GET /sandbox_data/intersection_metadata.json?_=1777798855057 HTTP/1.1" 200 -
::1 - - [03/May/2026 12:00:55] "GET /sandbox_data/ground_truth_validation.json?_=1777798855057 HTTP/1.1" 200 -
::1 - - [03/May/2026 12:01:25] "GET /sandbox_data/detector_counts_15min.csv?_=1777798885052 HTTP/1.1" 200 -
::1 - - [03/May/2026 12:01:25] "GET /sandbox_data/signal_timing_log.csv?_=1777798885053 HTTP/1.1" 200 -
::1 - - [03/May/2026 12:01:25] "GET /sandbox_data/intersection_metadata.json?_=1777798885053 HTTP/1.1" 200 -
::1 - - [03/May/2026 12:01:25] "GET /sandbox_data/ground_truth_validation.json?_=1777798885053 HTTP/1.1" 200 -
::1 - - [03/May/2026 12:01:55] "GET /sandbox_data/signal_timing_log.csv?_=1777798915039 HTTP/1.1" 200 -
::1 - - [03/May/2026 12:01:55] "GET /sandbox_data/intersection_metadata.json?_=1777798915039 HTTP/1.1" 200 -
::1 - - [03/May/2026 12:01:55] "GET /sandbox_data/detector_counts_15min.csv?_=1777798915039 HTTP/1.1" 200 -
::1 - - [03/May/2026 12:01:55] "GET /sandbox_data/ground_truth_validation.json?_=1777798915039 HTTP/1.1" 200 -
::1 - - [03/May/2026 12:02:25] "GET /sandbox_data/detector_counts_15min.csv?_=1777798945033 HTTP/1.1" 200 -
::1 - - [03/May/2026 12:02:25] "GET /sandbox_data/intersection_metadata.json?_=1777798945033 HTTP/1.1" 200 -
::1 - - [03/May/2026 12:02:25] "GET /sandbox_data/signal_timing_log.csv?_=1777798945033 HTTP/1.1" 200 -
::1 - - [03/May/2026 12:02:25] "GET /sandbox_data/ground_truth_validation.json?_=1777798945033 HTTP/1.1" 200 -
::1 - - [03/May/2026 12:02:55] "GET /sandbox_data/signal_timing_log.csv?_=1777798975008 HTTP/1.1" 200 -
::1 - - [03/May/2026 12:02:55] "GET /sandbox_data/detector_counts_15min.csv?_=1777798975008 HTTP/1.1" 200 -
::1 - - [03/May/2026 12:02:55] "GET /sandbox_data/intersection_metadata.json?_=1777798975009 HTTP/1.1" 200 -
::1 - - [03/May/2026 12:02:55] "GET /sandbox_data/ground_truth_validation.json?_=1777798975009 HTTP/1.1" 200 -
::1 - - [03/May/2026 12:04:04] "GET /sandbox_data/detector_counts_15min.csv?_=1777799044041 HTTP/1.1" 200 -
::1 - - [03/May/2026 12:04:04] "GET /sandbox_data/intersection_metadata.json?_=1777799044041 HTTP/1.1" 200 -
::1 - - [03/May/2026 12:04:04] "GET /sandbox_data/signal_timing_log.csv?_=1777799044041 HTTP/1.1" 200 -
::1 - - [03/May/2026 12:04:04] "GET /sandbox_data/ground_truth_validation.json?_=1777799044041 HTTP/1.1" 200 -
::1 - - [03/May/2026 12:05:04] "GET /sandbox_data/signal_timing_log.csv?_=1777799104006 HTTP/1.1" 200 -
::1 - - [03/May/2026 12:05:04] "GET /sandbox_data/detector_counts_15min.csv?_=1777799104006 HTTP/1.1" 200 -
::1 - - [03/May/2026 12:05:04] "GET /sandbox_data/ground_truth_validation.json?_=1777799104006 HTTP/1.1" 200 -
::1 - - [03/May/2026 12:05:04] "GET /sandbox_data/intersection_metadata.json?_=1777799104006 HTTP/1.1" 200 -
::1 - - [03/May/2026 12:06:04] "GET /sandbox_data/detector_counts_15min.csv?_=1777799164068 HTTP/1.1" 200 -
::1 - - [03/May/2026 12:06:04] "GET /sandbox_data/signal_timing_log.csv?_=1777799164068 HTTP/1.1" 200 -
::1 - - [03/May/2026 12:06:04] "GET /sandbox_data/ground_truth_validation.json?_=1777799164068 HTTP/1.1" 200 -
::1 - - [03/May/2026 12:06:04] "GET /sandbox_data/intersection_metadata.json?_=1777799164068 HTTP/1.1" 200 -
::1 - - [03/May/2026 12:07:04] "GET /sandbox_data/detector_counts_15min.csv?_=1777799224073 HTTP/1.1" 200 -
::1 - - [03/May/2026 12:07:04] "GET /sandbox_data/signal_timing_log.csv?_=1777799224073 HTTP/1.1" 200 -
::1 - - [03/May/2026 12:07:04] "GET /sandbox_data/intersection_metadata.json?_=1777799224073 HTTP/1.1" 200 -
::1 - - [03/May/2026 12:07:04] "GET /sandbox_data/ground_truth_validation.json?_=1777799224073 HTTP/1.1" 200 -
::1 - - [03/May/2026 12:08:04] "GET /sandbox_data/detector_counts_15min.csv?_=1777799284041 HTTP/1.1" 200 -
::1 - - [03/May/2026 12:08:04] "GET /sandbox_data/intersection_metadata.json?_=1777799284041 HTTP/1.1" 200 -
::1 - - [03/May/2026 12:08:04] "GET /sandbox_data/signal_timing_log.csv?_=1777799284041 HTTP/1.1" 200 -
::1 - - [03/May/2026 12:08:04] "GET /sandbox_data/ground_truth_validation.json?_=1777799284041 HTTP/1.1" 200 -
::1 - - [03/May/2026 12:09:04] "GET /sandbox_data/detector_counts_15min.csv?_=1777799344023 HTTP/1.1" 200 -
::1 - - [03/May/2026 12:09:04] "GET /sandbox_data/signal_timing_log.csv?_=1777799344023 HTTP/1.1" 200 -
::1 - - [03/May/2026 12:09:04] "GET /sandbox_data/intersection_metadata.json?_=1777799344023 HTTP/1.1" 200 -
::1 - - [03/May/2026 12:09:04] "GET /sandbox_data/ground_truth_validation.json?_=1777799344023 HTTP/1.1" 200 -
::1 - - [03/May/2026 12:10:04] "GET /sandbox_data/detector_counts_15min.csv?_=1777799404029 HTTP/1.1" 200 -
::1 - - [03/May/2026 12:10:04] "GET /sandbox_data/signal_timing_log.csv?_=1777799404029 HTTP/1.1" 200 -
::1 - - [03/May/2026 12:10:04] "GET /sandbox_data/intersection_metadata.json?_=1777799404029 HTTP/1.1" 200 -
::1 - - [03/May/2026 12:10:04] "GET /sandbox_data/ground_truth_validation.json?_=1777799404030 HTTP/1.1" 200 -
::1 - - [03/May/2026 12:10:29] "GET /sandbox_data/detector_counts_15min.csv?_=1777799429682 HTTP/1.1" 200 -
::1 - - [03/May/2026 12:10:29] "GET /sandbox_data/signal_timing_log.csv?_=1777799429682 HTTP/1.1" 200 -
::1 - - [03/May/2026 12:10:29] "GET /sandbox_data/ground_truth_validation.json?_=1777799429682 HTTP/1.1" 200 -
::1 - - [03/May/2026 12:10:29] "GET /sandbox_data/intersection_metadata.json?_=1777799429682 HTTP/1.1" 200 -
::1 - - [03/May/2026 12:10:55] "GET /sandbox_data/signal_timing_log.csv?_=1777799455082 HTTP/1.1" 200 -
::1 - - [03/May/2026 12:10:55] "GET /sandbox_data/intersection_metadata.json?_=1777799455082 HTTP/1.1" 200 -
::1 - - [03/May/2026 12:10:55] "GET /sandbox_data/detector_counts_15min.csv?_=1777799455082 HTTP/1.1" 200 -
::1 - - [03/May/2026 12:10:55] "GET /sandbox_data/ground_truth_validation.json?_=1777799455082 HTTP/1.1" 200 -
::1 - - [03/May/2026 12:11:25] "GET /sandbox_data/signal_timing_log.csv?_=1777799485063 HTTP/1.1" 200 -
::1 - - [03/May/2026 12:11:25] "GET /sandbox_data/intersection_metadata.json?_=1777799485063 HTTP/1.1" 200 -
::1 - - [03/May/2026 12:11:25] "GET /sandbox_data/detector_counts_15min.csv?_=1777799485063 HTTP/1.1" 200 -
::1 - - [03/May/2026 12:11:25] "GET /sandbox_data/ground_truth_validation.json?_=1777799485063 HTTP/1.1" 200 -
::1 - - [03/May/2026 12:12:04] "GET /sandbox_data/signal_timing_log.csv?_=1777799524066 HTTP/1.1" 200 -
::1 - - [03/May/2026 12:12:04] "GET /sandbox_data/detector_counts_15min.csv?_=1777799524066 HTTP/1.1" 200 -
::1 - - [03/May/2026 12:12:04] "GET /sandbox_data/intersection_metadata.json?_=1777799524066 HTTP/1.1" 200 -
::1 - - [03/May/2026 12:12:04] "GET /sandbox_data/ground_truth_validation.json?_=1777799524066 HTTP/1.1" 200 -
::1 - - [03/May/2026 12:13:04] "GET /sandbox_data/detector_counts_15min.csv?_=1777799584071 HTTP/1.1" 200 -
::1 - - [03/May/2026 12:13:04] "GET /sandbox_data/intersection_metadata.json?_=1777799584071 HTTP/1.1" 200 -
::1 - - [03/May/2026 12:13:04] "GET /sandbox_data/signal_timing_log.csv?_=1777799584071 HTTP/1.1" 200 -
::1 - - [03/May/2026 12:13:04] "GET /sandbox_data/ground_truth_validation.json?_=1777799584071 HTTP/1.1" 200 -
::1 - - [03/May/2026 12:14:04] "GET /sandbox_data/signal_timing_log.csv?_=1777799644045 HTTP/1.1" 200 -
::1 - - [03/May/2026 12:14:04] "GET /sandbox_data/detector_counts_15min.csv?_=1777799644045 HTTP/1.1" 200 -
::1 - - [03/May/2026 12:14:04] "GET /sandbox_data/intersection_metadata.json?_=1777799644045 HTTP/1.1" 200 -
::1 - - [03/May/2026 12:14:04] "GET /sandbox_data/ground_truth_validation.json?_=1777799644045 HTTP/1.1" 200 -
::1 - - [03/May/2026 12:15:04] "GET /sandbox_data/detector_counts_15min.csv?_=1777799704027 HTTP/1.1" 200 -
::1 - - [03/May/2026 12:15:04] "GET /sandbox_data/signal_timing_log.csv?_=1777799704027 HTTP/1.1" 200 -
::1 - - [03/May/2026 12:15:04] "GET /sandbox_data/intersection_metadata.json?_=1777799704027 HTTP/1.1" 200 -
::1 - - [03/May/2026 12:15:04] "GET /sandbox_data/ground_truth_validation.json?_=1777799704027 HTTP/1.1" 200 -
::1 - - [03/May/2026 12:22:59] "GET /sandbox_data/detector_counts_15min.csv?_=1777800179483 HTTP/1.1" 200 -
::1 - - [03/May/2026 12:22:59] "GET /sandbox_data/signal_timing_log.csv?_=1777800179483 HTTP/1.1" 200 -
::1 - - [03/May/2026 12:22:59] "GET /sandbox_data/intersection_metadata.json?_=1777800179483 HTTP/1.1" 200 -
::1 - - [03/May/2026 12:22:59] "GET /sandbox_data/ground_truth_validation.json?_=1777800179483 HTTP/1.1" 200 -
::1 - - [03/May/2026 12:23:25] "GET /sandbox_data/detector_counts_15min.csv?_=1777800205100 HTTP/1.1" 200 -
::1 - - [03/May/2026 12:23:25] "GET /sandbox_data/signal_timing_log.csv?_=1777800205100 HTTP/1.1" 200 -
::1 - - [03/May/2026 12:23:25] "GET /sandbox_data/intersection_metadata.json?_=1777800205101 HTTP/1.1" 200 -
::1 - - [03/May/2026 12:23:25] "GET /sandbox_data/ground_truth_validation.json?_=1777800205101 HTTP/1.1" 200 -
::1 - - [03/May/2026 12:23:55] "GET /sandbox_data/detector_counts_15min.csv?_=1777800235076 HTTP/1.1" 200 -
::1 - - [03/May/2026 12:23:55] "GET /sandbox_data/signal_timing_log.csv?_=1777800235076 HTTP/1.1" 200 -
::1 - - [03/May/2026 12:23:55] "GET /sandbox_data/intersection_metadata.json?_=1777800235076 HTTP/1.1" 200 -
::1 - - [03/May/2026 12:23:55] "GET /sandbox_data/ground_truth_validation.json?_=1777800235076 HTTP/1.1" 200 -
::1 - - [03/May/2026 12:42:20] "GET /sandbox_data/detector_counts_15min.csv?_=1777801340097 HTTP/1.1" 200 -
::1 - - [03/May/2026 12:42:20] "GET /sandbox_data/signal_timing_log.csv?_=1777801340097 HTTP/1.1" 200 -
::1 - - [03/May/2026 12:42:20] "GET /sandbox_data/intersection_metadata.json?_=1777801340097 HTTP/1.1" 200 -
::1 - - [03/May/2026 12:42:20] "GET /sandbox_data/ground_truth_validation.json?_=1777801340097 HTTP/1.1" 200 -
::1 - - [03/May/2026 12:53:56] "GET /sandbox_data/detector_counts_15min.csv?_=1777802036003 HTTP/1.1" 200 -
::1 - - [03/May/2026 12:53:56] "GET /sandbox_data/signal_timing_log.csv?_=1777802036004 HTTP/1.1" 200 -
::1 - - [03/May/2026 12:53:56] "GET /sandbox_data/ground_truth_validation.json?_=1777802036004 HTTP/1.1" 200 -
::1 - - [03/May/2026 12:53:56] "GET /sandbox_data/intersection_metadata.json?_=1777802036004 HTTP/1.1" 200 -
